<?xml version="1.0" encoding="UTF-8"?>
<testsuite xmlns:xsi="http://www.w3.org/2001/XMLSchema-instance" xsi:noNamespaceSchemaLocation="https://maven.apache.org/surefire/maven-surefire-plugin/xsd/surefire-test-report.xsd" name="com.manning.junitbook.airport.AirportTest" time="0.062" tests="26" errors="0" skipped="0" failures="0">
  <properties>
    <property name="java.specification.version" value="19"/>
    <property name="sun.cpu.isalist" value="amd64"/>
    <property name="sun.jnu.encoding" value="Cp1252"/>
    <property name="java.class.path" value="C:\Users\Diegodm\OneDrive\Escritorio\ch20-tdd\Phase5\target\test-classes;C:\Users\Diegodm\OneDrive\Escritorio\ch20-tdd\Phase5\target\classes;C:\Users\Diegodm\.m2\repository\org\junit\jupiter\junit-jupiter-api\5.6.0\junit-jupiter-api-5.6.0.jar;C:\Users\Diegodm\.m2\repository\org\apiguardian\apiguardian-api\1.1.0\apiguardian-api-1.1.0.jar;C:\Users\Diegodm\.m2\repository\org\opentest4j\opentest4j\1.2.0\opentest4j-1.2.0.jar;C:\Users\Diegodm\.m2\repository\org\junit\platform\junit-platform-commons\1.6.0\junit-platform-commons-1.6.0.jar;C:\Users\Diegodm\.m2\repository\org\junit\jupiter\junit-jupiter-engine\5.6.0\junit-jupiter-engine-5.6.0.jar;C:\Users\Diegodm\.m2\repository\org\junit\platform\junit-platform-engine\1.6.0\junit-platform-engine-1.6.0.jar;"/>
    <property name="java.vm.vendor" value="Oracle Corporation"/>
    <property name="sun.arch.data.model" value="64"/>
    <property name="user.variant" value=""/>
    <property name="java.vendor.url" value="https://java.oracle.com/"/>
    <property name="user.timezone" value="Atlantic/Canary"/>
    <property name="user.country.format" value="BZ"/>
    <property name="os.name" value="Windows 11"/>
    <property name="java.vm.specification.version" value="19"/>
    <property name="sun.java.launcher" value="SUN_STANDARD"/>
    <property name="user.country" value="ES"/>
    <property name="sun.boot.library.path" value="C:\Program Files\Java\jdk-19\bin"/>
    <property name="sun.java.command" value="C:\Users\Diegodm\AppData\Local\Temp\surefire748804211835356605\surefirebooter14652602860522052431.jar C:\Users\Diegodm\AppData\Local\Temp\surefire748804211835356605 2022-12-09T12-12-17_343-jvmRun1 surefire10702272419042731486tmp surefire_012360296235670473146tmp"/>
    <property name="jdk.debug" value="release"/>
    <property name="surefire.test.class.path" value="C:\Users\Diegodm\OneDrive\Escritorio\ch20-tdd\Phase5\target\test-classes;C:\Users\Diegodm\OneDrive\Escritorio\ch20-tdd\Phase5\target\classes;C:\Users\Diegodm\.m2\repository\org\junit\jupiter\junit-jupiter-api\5.6.0\junit-jupiter-api-5.6.0.jar;C:\Users\Diegodm\.m2\repository\org\apiguardian\apiguardian-api\1.1.0\apiguardian-api-1.1.0.jar;C:\Users\Diegodm\.m2\repository\org\opentest4j\opentest4j\1.2.0\opentest4j-1.2.0.jar;C:\Users\Diegodm\.m2\repository\org\junit\platform\junit-platform-commons\1.6.0\junit-platform-commons-1.6.0.jar;C:\Users\Diegodm\.m2\repository\org\junit\jupiter\junit-jupiter-engine\5.6.0\junit-jupiter-engine-5.6.0.jar;C:\Users\Diegodm\.m2\repository\org\junit\platform\junit-platform-engine\1.6.0\junit-platform-engine-1.6.0.jar;"/>
    <property name="sun.cpu.endian" value="little"/>
    <property name="user.home" value="C:\Users\Diegodm"/>
    <property name="user.language" value="es"/>
    <property name="java.specification.vendor" value="Oracle Corporation"/>
    <property name="java.version.date" value="2022-10-18"/>
    <property name="java.home" value="C:\Program Files\Java\jdk-19"/>
    <property name="file.separator" value="\"/>
    <property name="basedir" value="C:\Users\Diegodm\OneDrive\Escritorio\ch20-tdd\Phase5"/>
    <property name="java.vm.compressedOopsMode" value="Zero based"/>
    <property name="line.separator" value="&#10;"/>
    <property name="java.vm.specification.vendor" value="Oracle Corporation"/>
    <property name="java.specification.name" value="Java Platform API Specification"/>
    <property name="surefire.real.class.path" value="C:\Users\Diegodm\AppData\Local\Temp\surefire748804211835356605\surefirebooter14652602860522052431.jar"/>
    <property name="user.script" value=""/>
    <property name="sun.management.compiler" value="HotSpot 64-Bit Tiered Compilers"/>
    <property name="java.runtime.version" value="19.0.1+10-21"/>
    <property name="user.name" value="Diegodm"/>
    <property name="stdout.encoding" value="Cp1252"/>
    <property name="path.separator" value=";"/>
    <property name="os.version" value="10.0"/>
    <property name="java.runtime.name" value="Java(TM) SE Runtime Environment"/>
    <property name="file.encoding" value="UTF-8"/>
    <property name="java.vm.name" value="Java HotSpot(TM) 64-Bit Server VM"/>
    <property name="localRepository" value="C:\Users\Diegodm\.m2\repository"/>
    <property name="java.vendor.url.bug" value="https://bugreport.java.com/bugreport/"/>
    <property name="java.io.tmpdir" value="C:\Users\Diegodm\AppData\Local\Temp\"/>
    <property name="java.version" value="19.0.1"/>
    <property name="user.dir" value="C:\Users\Diegodm\OneDrive\Escritorio\ch20-tdd\Phase5"/>
    <property name="os.arch" value="amd64"/>
    <property name="java.vm.specification.name" value="Java Virtual Machine Specification"/>
    <property name="sun.os.patch.level" value=""/>
    <property name="native.encoding" value="Cp1252"/>
    <property name="java.library.path" value="C:\Program Files\Java\jdk-19\bin;C:\WINDOWS\Sun\Java\bin;C:\WINDOWS\system32;C:\WINDOWS;C:\Program Files\Common Files\Oracle\Java\javapath;C:\WINDOWS\system32;C:\WINDOWS;C:\WINDOWS\System32\Wbem;C:\WINDOWS\System32\WindowsPowerShell\v1.0\;C:\WINDOWS\System32\OpenSSH\;C:\Program Files\Git\cmd;C:\Program Files\apache-maven-3.8.6\bin;C:\Program Files\dotnet\;C:\Users\Diegodm\AppData\Local\Microsoft\WindowsApps;C:\Users\Diegodm\AppData\Local\Programs\Microsoft VS Code\bin;C:\Users\Diegodm\.dotnet\tools;C:\Users\Diegodm\AppData\Local\Packages\PythonSoftwareFoundation.Python.3.10_qbz5n2kfra8p0\LocalCache\local-packages\Python310\Scripts;."/>
    <property name="java.vm.info" value="mixed mode, sharing"/>
    <property name="stderr.encoding" value="Cp1252"/>
    <property name="java.vendor" value="Oracle Corporation"/>
    <property name="java.vm.version" value="19.0.1+10-21"/>
    <property name="sun.io.unicode.encoding" value="UnicodeLittle"/>
    <property name="java.class.version" value="63.0"/>
  </properties>
  <testcase name="testPremiumFlightVipPassenger" classname="com.manning.junitbook.airport.AirportTest$PremiumFlightTest$VipPassenger" time="0.015"/>
  <testcase name="testPremiumFlightVipPassengerAddedOnlyOnce{RepetitionInfo}[1]" classname="com.manning.junitbook.airport.AirportTest$PremiumFlightTest$VipPassenger" time="0.017"/>
  <testcase name="testPremiumFlightVipPassengerAddedOnlyOnce{RepetitionInfo}[2]" classname="com.manning.junitbook.airport.AirportTest$PremiumFlightTest$VipPassenger" time="0"/>
  <testcase name="testPremiumFlightVipPassengerAddedOnlyOnce{RepetitionInfo}[3]" classname="com.manning.junitbook.airport.AirportTest$PremiumFlightTest$VipPassenger" time="0"/>
  <testcase name="testPremiumFlightVipPassengerAddedOnlyOnce{RepetitionInfo}[4]" classname="com.manning.junitbook.airport.AirportTest$PremiumFlightTest$VipPassenger" time="0"/>
  <testcase name="testPremiumFlightVipPassengerAddedOnlyOnce{RepetitionInfo}[5]" classname="com.manning.junitbook.airport.AirportTest$PremiumFlightTest$VipPassenger" time="0"/>
  <testcase name="testPremiumFlightRegularPassenger" classname="com.manning.junitbook.airport.AirportTest$PremiumFlightTest$RegularPassenger" time="0"/>
  <testcase name="testBusinessFlightVipPassenger" classname="com.manning.junitbook.airport.AirportTest$BusinessFlightTest$VipPassenger" time="0"/>
  <testcase name="testBusinessFlightVipPassengerAddedOnlyOnce{RepetitionInfo}[1]" classname="com.manning.junitbook.airport.AirportTest$BusinessFlightTest$VipPassenger" time="0"/>
  <testcase name="testBusinessFlightVipPassengerAddedOnlyOnce{RepetitionInfo}[2]" classname="com.manning.junitbook.airport.AirportTest$BusinessFlightTest$VipPassenger" time="0"/>
  <testcase name="testBusinessFlightVipPassengerAddedOnlyOnce{RepetitionInfo}[3]" classname="com.manning.junitbook.airport.AirportTest$BusinessFlightTest$VipPassenger" time="0"/>
  <testcase name="testBusinessFlightVipPassengerAddedOnlyOnce{RepetitionInfo}[4]" classname="com.manning.junitbook.airport.AirportTest$BusinessFlightTest$VipPassenger" time="0"/>
  <testcase name="testBusinessFlightVipPassengerAddedOnlyOnce{RepetitionInfo}[5]" classname="com.manning.junitbook.airport.AirportTest$BusinessFlightTest$VipPassenger" time="0"/>
  <testcase name="testBusinessFlightRegularPassenger" classname="com.manning.junitbook.airport.AirportTest$BusinessFlightTest$RegularPassenger" time="0"/>
  <testcase name="testEconomyFlightVipPassenger" classname="com.manning.junitbook.airport.AirportTest$EconomyFlightTest$VipPassenger" time="0"/>
  <testcase name="testEconomyFlightVipPassengerAddedOnlyOnce{RepetitionInfo}[1]" classname="com.manning.junitbook.airport.AirportTest$EconomyFlightTest$VipPassenger" time="0"/>
  <testcase name="testEconomyFlightVipPassengerAddedOnlyOnce{RepetitionInfo}[2]" classname="com.manning.junitbook.airport.AirportTest$EconomyFlightTest$VipPassenger" time="0"/>
  <testcase name="testEconomyFlightVipPassengerAddedOnlyOnce{RepetitionInfo}[3]" classname="com.manning.junitbook.airport.AirportTest$EconomyFlightTest$VipPassenger" time="0"/>
  <testcase name="testEconomyFlightVipPassengerAddedOnlyOnce{RepetitionInfo}[4]" classname="com.manning.junitbook.airport.AirportTest$EconomyFlightTest$VipPassenger" time="0"/>
  <testcase name="testEconomyFlightVipPassengerAddedOnlyOnce{RepetitionInfo}[5]" classname="com.manning.junitbook.airport.AirportTest$EconomyFlightTest$VipPassenger" time="0"/>
  <testcase name="testEconomyFlightRegularPassenger" classname="com.manning.junitbook.airport.AirportTest$EconomyFlightTest$RegularPassenger" time="0.015"/>
  <testcase name="testEconomyFlightRegularPassengerAddedOnlyOnce{RepetitionInfo}[1]" classname="com.manning.junitbook.airport.AirportTest$EconomyFlightTest$RegularPassenger" time="0"/>
  <testcase name="testEconomyFlightRegularPassengerAddedOnlyOnce{RepetitionInfo}[2]" classname="com.manning.junitbook.airport.AirportTest$EconomyFlightTest$RegularPassenger" time="0"/>
  <testcase name="testEconomyFlightRegularPassengerAddedOnlyOnce{RepetitionInfo}[3]" classname="com.manning.junitbook.airport.AirportTest$EconomyFlightTest$RegularPassenger" time="0"/>
  <testcase name="testEconomyFlightRegularPassengerAddedOnlyOnce{RepetitionInfo}[4]" classname="com.manning.junitbook.airport.AirportTest$EconomyFlightTest$RegularPassenger" time="0"/>
  <testcase name="testEconomyFlightRegularPassengerAddedOnlyOnce{RepetitionInfo}[5]" classname="com.manning.junitbook.airport.AirportTest$EconomyFlightTest$RegularPassenger" time="0"/>
</testsuite>